 velocity resolution dv:    5.00000000000000      km/s
 INPUT file:006nlev_hcn.d                           
NG, read= 128 128
levmax, read=   5   5
Nray, read= 100 100
 ####### debug ########
 ####### debug ########
 max,min alpha  2.555205639541479E-020  3.964593953447809E-040
  5.463781500373579E-032
  1.593062448677928E-032
  4.041410821327997E-034
 max,min S  9.224912663895793E-013  1.018705081911011E-016
 average_s =   8.965198277941062E-015
 th, phi:   5.555558969883340E-002 pi  0.000000000000000E+000 pi
 nx, ny, nz =  0.173648144597837       0.000000000000000E+000
  0.984807758843181     
 output file: spnlev.b                                
 max,min TBIvel   381.3969      0.2457841    
 max,min radial velocity   125.0000      -120.0000    
 max,min TBcube   17.25350      9.8313647E-04
